<?xml version="1.0" encoding="UTF-8"?>
<!-- Generated by org.testng.reporters.JUnitReportReporter -->
<testsuite name="com.orangehrm.module.pages.LoginPage" tests="1" time="11.723" ignored="0" failures="0" timestamp="14 Feb 2019 14:31:33 GMT" skipped="0" hostname="dell-PC" errors="0">
  <testcase name="logInToHRM" time="11.723" classname="com.orangehrm.module.pages.LoginPage"/>
</testsuite> <!-- com.orangehrm.module.pages.LoginPage -->
