<?xml version="1.0" encoding="UTF-8"?>
<!-- Generated by org.testng.reporters.JUnitReportReporter -->
<testsuite name="com.orangehrm.module.testcases.LoginTestCase" tests="2" time="4.296" ignored="0" failures="0" timestamp="20 Feb 2019 14:17:48 GMT" skipped="0" hostname="dell-PC" errors="0">
  <testcase name="logout" time="1.045" classname="com.orangehrm.module.testcases.LoginTestCase"/>
  <testcase name="logIn" time="3.251" classname="com.orangehrm.module.testcases.LoginTestCase"/>
</testsuite> <!-- com.orangehrm.module.testcases.LoginTestCase -->
